<?xml version="1.0" encoding="UTF-8"?>
<!-- Generated by org.testng.reporters.JUnitReportReporter -->
<testsuite name="org.practice.API.GetRequest" tests="1" time="1.224" ignored="0" failures="0" timestamp="20 Jan 2021 07:35:33 GMT" skipped="0" hostname="LAPTOP-824KDGMI" errors="0">
  <testcase name="getInfo" time="1.224" classname="org.practice.API.GetRequest"/>
</testsuite> <!-- org.practice.API.GetRequest -->
