<?xml version="1.0" encoding="UTF-8"?>
<!-- Generated by org.testng.reporters.JUnitReportReporter -->
<testsuite name="org.testing.TestScript.TC_9_GetRequestQueryParameter" tests="1" time="0.047" ignored="0" failures="0" timestamp="01 Sep 2020 08:29:10 GMT" skipped="0" hostname="LAPTOP-824KDGMI" errors="0">
  <testcase name="getRequestWithQueryParameter" time="0.047" classname="org.testing.TestScript.TC_9_GetRequestQueryParameter"/>
</testsuite> <!-- org.testing.TestScript.TC_9_GetRequestQueryParameter -->
