<?xml version="1.0" encoding="UTF-8"?>
<!-- Generated by org.testng.reporters.JUnitReportReporter -->
<testsuite name="org.testing.TestScript.TC2_GetRequest" tests="1" time="0.034" ignored="0" failures="0" timestamp="29 Aug 2020 15:02:12 GMT" skipped="0" hostname="LAPTOP-824KDGMI" errors="0">
  <testcase name="testCase2" time="0.034" classname="org.testing.TestScript.TC2_GetRequest"/>
</testsuite> <!-- org.testing.TestScript.TC2_GetRequest -->
