<?xml version="1.0" encoding="UTF-8"?>
<!-- Generated by org.testng.reporters.JUnitReportReporter -->
<testsuite name="org.testing.TestScript.TC1" tests="1" time="2.234" ignored="0" failures="0" timestamp="13 Sep 2020 11:20:07 GMT" skipped="0" hostname="LAPTOP-824KDGMI" errors="0">
  <testcase name="testCase1" time="2.234" classname="org.testing.TestScript.TC1"/>
</testsuite> <!-- org.testing.TestScript.TC1 -->
