<?xml version="1.0" encoding="UTF-8"?>
<!-- Generated by org.testng.reporters.JUnitReportReporter -->
<testsuite name="org.testing.TestScript.TC_10_PatchRequest" tests="1" time="0.825" ignored="0" failures="0" timestamp="04 Sep 2020 09:16:06 GMT" skipped="0" hostname="LAPTOP-824KDGMI" errors="0">
  <testcase name="patchRequest" time="0.825" classname="org.testing.TestScript.TC_10_PatchRequest"/>
</testsuite> <!-- org.testing.TestScript.TC_10_PatchRequest -->
