<?xml version="1.0" encoding="UTF-8"?>
<!-- Generated by org.testng.reporters.JUnitReportReporter -->
<testsuite name="org.testing.TestScripts.TestCase2" tests="1" time="0.019" ignored="0" failures="0" timestamp="18 Sep 2020 16:24:56 GMT" skipped="0" hostname="LAPTOP-824KDGMI" errors="0">
  <testcase name="parameterizedMethod" time="0.019" classname="org.testing.TestScripts.TestCase2"/>
</testsuite> <!-- org.testing.TestScripts.TestCase2 -->
