<?xml version="1.0" encoding="UTF-8"?>
<!-- Generated by org.testng.reporters.JUnitReportReporter -->
<testsuite name="org.testing.TestScripts.DummyClass" tests="1" time="0.002" ignored="0" failures="0" timestamp="15 Sep 2020 09:00:52 GMT" skipped="0" hostname="LAPTOP-824KDGMI" errors="0">
  <testcase name="printMessage" time="0.002" classname="org.testing.TestScripts.DummyClass"/>
</testsuite> <!-- org.testing.TestScripts.DummyClass -->
