<?xml version="1.0" encoding="UTF-8"?>
<!-- Generated by org.testng.reporters.JUnitReportReporter -->
<testsuite name="org.testing.TestScripts.TestCase1" tests="3" time="0.007" ignored="1" failures="0" timestamp="15 Sep 2020 09:03:53 GMT" skipped="0" hostname="LAPTOP-824KDGMI" errors="0">
  <testcase name="testCase1" time="0.004" classname="org.testing.TestScripts.TestCase1"/>
  <testcase name="testCase3" time="0.002" classname="org.testing.TestScripts.TestCase1"/>
  <testcase name="testCase2" time="0.001" classname="org.testing.TestScripts.TestCase1"/>
  <testcase name="printMessage" classname="org.testing.TestScripts.DummyClass">
    <skipped/>
  </testcase> <!-- printMessage -->
</testsuite> <!-- org.testing.TestScripts.TestCase1 -->
