<?xml version="1.0" encoding="UTF-8"?>
<!-- Generated by org.testng.reporters.JUnitReportReporter -->
<testsuite name="org.testing.TestScripts.TC1_PostRequest" tests="1" time="1.617" ignored="0" failures="0" timestamp="02 Sep 2020 15:34:48 GMT" skipped="0" hostname="LAPTOP-824KDGMI" errors="0">
  <testcase name="TC1" time="1.617" classname="org.testing.TestScripts.TC1_PostRequest"/>
</testsuite> <!-- org.testing.TestScripts.TC1_PostRequest -->
