<?xml version="1.0" encoding="UTF-8"?>
<!-- Generated by org.testng.reporters.JUnitReportReporter -->
<testsuite name="package1.DummyTestNG" tests="1" time="0.023" ignored="0" failures="0" timestamp="17 Sep 2020 13:41:25 GMT" skipped="0" hostname="LAPTOP-824KDGMI" errors="0">
  <testcase name="dummyMethod" time="0.023" classname="package1.DummyTestNG"/>
</testsuite> <!-- package1.DummyTestNG -->
