<?xml version="1.0" encoding="UTF-8"?>
<!-- Generated by org.testng.reporters.JUnitReportReporter -->
<testsuite name="org.testing.TestScripts.TestCase2" tests="1" time="0.003" ignored="0" failures="0" timestamp="09 Sep 2020 07:02:48 GMT" skipped="0" hostname="LAPTOP-824KDGMI" errors="0">
  <testcase name="TC2" time="0.003" classname="org.testing.TestScripts.TestCase2"/>
</testsuite> <!-- org.testing.TestScripts.TestCase2 -->
